Fitter report for gcd_cal
Thu Nov 16 18:53:55 2017
Quartus II 64-Bit Version 13.0.1 Build 232 06/12/2013 Service Pack 1 SJ Web Edition


---------------------
; Table of Contents ;
---------------------
  1. Legal Notice
  2. Fitter Summary
  3. Fitter Settings
  4. Parallel Compilation
  5. Pin-Out File
  6. Fitter Resource Usage Summary
  7. Input Pins
  8. Output Pins
  9. All Package Pins
 10. Output Pin Default Load For Reported TCO
 11. Fitter Resource Utilization by Entity
 12. Non-Global High Fan-Out Signals
 13. Other Routing Usage Summary
 14. LAB Macrocells
 15. Parallel Expander
 16. Shareable Expander
 17. Logic Cell Interconnection
 18. Fitter Device Options
 19. Fitter Messages



----------------
; Legal Notice ;
----------------
Copyright (C) 1991-2013 Altera Corporation
Your use of Altera Corporation's design tools, logic functions 
and other software and tools, and its AMPP partner logic 
functions, and any output files from any of the foregoing 
(including device programming or simulation files), and any 
associated documentation or information are expressly subject 
to the terms and conditions of the Altera Program License 
Subscription Agreement, Altera MegaCore Function License 
Agreement, or other applicable license agreement, including, 
without limitation, that your use is for the sole purpose of 
programming logic devices manufactured by Altera and sold by 
Altera or its authorized distributors.  Please refer to the 
applicable agreement for further details.



+-----------------------------------------------------------------------------+
; Fitter Summary                                                              ;
+---------------------------+-------------------------------------------------+
; Fitter Status             ; Successful - Thu Nov 16 18:53:55 2017           ;
; Quartus II 64-Bit Version ; 13.0.1 Build 232 06/12/2013 SP 1 SJ Web Edition ;
; Revision Name             ; gcd_cal                                         ;
; Top-level Entity Name     ; gcd_cal                                         ;
; Family                    ; MAX3000A                                        ;
; Device                    ; EPM3064ALC44-10                                 ;
; Timing Models             ; Final                                           ;
; Total macrocells          ; 43 / 64 ( 67 % )                                ;
; Total pins                ; 16 / 34 ( 47 % )                                ;
+---------------------------+-------------------------------------------------+


+--------------------------------------------------------------------------------------------------------------+
; Fitter Settings                                                                                              ;
+----------------------------------------------------------------------------+-----------------+---------------+
; Option                                                                     ; Setting         ; Default Value ;
+----------------------------------------------------------------------------+-----------------+---------------+
; Device                                                                     ; EPM3064ALC44-10 ;               ;
; Use smart compilation                                                      ; Off             ; Off           ;
; Enable parallel Assembler and TimeQuest Timing Analyzer during compilation ; On              ; On            ;
; Enable compact report table                                                ; Off             ; Off           ;
; Optimize Multi-Corner Timing                                               ; Off             ; Off           ;
; Optimize Timing for ECOs                                                   ; Off             ; Off           ;
; Regenerate full fit report during ECO compiles                             ; Off             ; Off           ;
; Optimize IOC Register Placement for Timing                                 ; Normal          ; Normal        ;
; Fitter Initial Placement Seed                                              ; 1               ; 1             ;
; Slow Slew Rate                                                             ; Off             ; Off           ;
; Fitter Effort                                                              ; Auto Fit        ; Auto Fit      ;
; Force Fitter to Avoid Periphery Placement Warnings                         ; Off             ; Off           ;
+----------------------------------------------------------------------------+-----------------+---------------+


Parallel compilation was disabled, but you have multiple processors available. Enable parallel compilation to reduce compilation time.
+-------------------------------------+
; Parallel Compilation                ;
+----------------------------+--------+
; Processors                 ; Number ;
+----------------------------+--------+
; Number detected on machine ; 8      ;
; Maximum allowed            ; 1      ;
+----------------------------+--------+


+--------------+
; Pin-Out File ;
+--------------+
The pin-out file can be found in C:/Users/RUSHI/Documents/GitHub/GCD_Calculator/output_files/gcd_cal.pin.


+-------------------------------------------------+
; Fitter Resource Usage Summary                   ;
+------------------------------+------------------+
; Resource                     ; Usage            ;
+------------------------------+------------------+
; Logic cells                  ; 43 / 64 ( 67 % ) ;
; Registers                    ; 0 / 64 ( 0 % )   ;
; Number of pterms used        ; 181              ;
; I/O pins                     ; 16 / 34 ( 47 % ) ;
;     -- Clock pins            ; 0 / 2 ( 0 % )    ;
;     -- Dedicated input pins  ; 0 / 2 ( 0 % )    ;
;                              ;                  ;
; Global signals               ; 0                ;
; Shareable expanders          ; 10 / 64 ( 16 % ) ;
; Parallel expanders           ; 21 / 60 ( 35 % ) ;
; Cells using turbo bit        ; 43 / 64 ( 67 % ) ;
; Maximum fan-out              ; 32               ;
; Highest non-global fan-out   ; 32               ;
; Total fan-out                ; 385              ;
; Average fan-out              ; 5.58             ;
+------------------------------+------------------+


+-----------------------------------------------------------------------------------------------------------------------------+
; Input Pins                                                                                                                  ;
+--------+-------+----------+-----+-----------------------+--------------------+--------+--------------+----------------------+
; Name   ; Pin # ; I/O Bank ; LAB ; Combinational Fan-Out ; Registered Fan-Out ; Global ; I/O Standard ; Location assigned by ;
+--------+-------+----------+-----+-----------------------+--------------------+--------+--------------+----------------------+
; IN1[0] ; 31    ; --       ; 3   ; 0                     ; 0                  ; no     ; 3.3-V LVTTL  ; Fitter               ;
; IN1[1] ; 4     ; --       ; 1   ; 18                    ; 0                  ; no     ; 3.3-V LVTTL  ; Fitter               ;
; IN1[2] ; 28    ; --       ; 3   ; 17                    ; 0                  ; no     ; 3.3-V LVTTL  ; Fitter               ;
; IN1[3] ; 41    ; --       ; 4   ; 18                    ; 0                  ; no     ; 3.3-V LVTTL  ; Fitter               ;
; IN2[0] ; 34    ; --       ; 4   ; 14                    ; 0                  ; no     ; 3.3-V LVTTL  ; Fitter               ;
; IN2[1] ; 5     ; --       ; 1   ; 1                     ; 0                  ; no     ; 3.3-V LVTTL  ; Fitter               ;
; IN2[2] ; 14    ; --       ; 2   ; 1                     ; 0                  ; no     ; 3.3-V LVTTL  ; Fitter               ;
; IN2[3] ; 18    ; --       ; 2   ; 1                     ; 0                  ; no     ; 3.3-V LVTTL  ; Fitter               ;
+--------+-------+----------+-----+-----------------------+--------------------+--------+--------------+----------------------+


+------------------------------------------------------------------------------------------------------------------------------------------------------------------------------------------+
; Output Pins                                                                                                                                                                              ;
+------+-------+----------+-----+-----------------+----------------+------------+---------------+--------------+----------------------+-------+----------------------+---------------------+
; Name ; Pin # ; I/O Bank ; LAB ; Output Register ; Slow Slew Rate ; Open Drain ; TRI Primitive ; I/O Standard ; Location assigned by ; Load  ; Output Enable Source ; Output Enable Group ;
+------+-------+----------+-----+-----------------+----------------+------------+---------------+--------------+----------------------+-------+----------------------+---------------------+
; C[0] ; 16    ; --       ; 2   ; no              ; no             ; no         ; no            ; 3.3-V LVTTL  ; Fitter               ; 10 pF ; -                    ; -                   ;
; C[1] ; 11    ; --       ; 1   ; no              ; no             ; no         ; no            ; 3.3-V LVTTL  ; Fitter               ; 10 pF ; -                    ; -                   ;
; C[2] ; 8     ; --       ; 1   ; no              ; no             ; no         ; no            ; 3.3-V LVTTL  ; Fitter               ; 10 pF ; -                    ; -                   ;
; C[3] ; 9     ; --       ; 1   ; no              ; no             ; no         ; no            ; 3.3-V LVTTL  ; Fitter               ; 10 pF ; -                    ; -                   ;
+------+-------+----------+-----+-----------------+----------------+------------+---------------+--------------+----------------------+-------+----------------------+---------------------+


+-------------------------------------------------------------------------------------------------------+
; All Package Pins                                                                                      ;
+----------+------------+----------+----------------+--------+--------------+---------+-----------------+
; Location ; Pad Number ; I/O Bank ; Pin Name/Usage ; Dir.   ; I/O Standard ; Voltage ; User Assignment ;
+----------+------------+----------+----------------+--------+--------------+---------+-----------------+
; 1        ; 0          ; --       ; GND+           ;        ;              ;         ;                 ;
; 2        ; 1          ; --       ; GND+           ;        ;              ;         ;                 ;
; 3        ; 2          ; --       ; VCCINT         ; power  ;              ; 3.3V    ;                 ;
; 4        ; 3          ; --       ; IN1[1]         ; input  ; 3.3-V LVTTL  ;         ; N               ;
; 5        ; 4          ; --       ; IN2[1]         ; input  ; 3.3-V LVTTL  ;         ; N               ;
; 6        ; 5          ; --       ; RESERVED       ;        ;              ;         ;                 ;
; 7        ; 6          ; --       ; TDI            ; input  ; 3.3-V LVTTL  ;         ; N               ;
; 8        ; 7          ; --       ; C[2]           ; output ; 3.3-V LVTTL  ;         ; N               ;
; 9        ; 8          ; --       ; C[3]           ; output ; 3.3-V LVTTL  ;         ; N               ;
; 10       ; 9          ; --       ; GND            ; gnd    ;              ;         ;                 ;
; 11       ; 10         ; --       ; C[1]           ; output ; 3.3-V LVTTL  ;         ; N               ;
; 12       ; 11         ; --       ; RESERVED       ;        ;              ;         ;                 ;
; 13       ; 12         ; --       ; TMS            ; input  ; 3.3-V LVTTL  ;         ; N               ;
; 14       ; 13         ; --       ; IN2[2]         ; input  ; 3.3-V LVTTL  ;         ; N               ;
; 15       ; 14         ; --       ; VCCIO          ; power  ;              ; 3.3V    ;                 ;
; 16       ; 15         ; --       ; C[0]           ; output ; 3.3-V LVTTL  ;         ; N               ;
; 17       ; 16         ; --       ; GND            ; gnd    ;              ;         ;                 ;
; 18       ; 17         ; --       ; IN2[3]         ; input  ; 3.3-V LVTTL  ;         ; N               ;
; 19       ; 18         ; --       ; RESERVED       ;        ;              ;         ;                 ;
; 20       ; 19         ; --       ; RESERVED       ;        ;              ;         ;                 ;
; 21       ; 20         ; --       ; RESERVED       ;        ;              ;         ;                 ;
; 22       ; 21         ; --       ; GND            ; gnd    ;              ;         ;                 ;
; 23       ; 22         ; --       ; VCCINT         ; power  ;              ; 3.3V    ;                 ;
; 24       ; 23         ; --       ; RESERVED       ;        ;              ;         ;                 ;
; 25       ; 24         ; --       ; RESERVED       ;        ;              ;         ;                 ;
; 26       ; 25         ; --       ; RESERVED       ;        ;              ;         ;                 ;
; 27       ; 26         ; --       ; RESERVED       ;        ;              ;         ;                 ;
; 28       ; 27         ; --       ; IN1[2]         ; input  ; 3.3-V LVTTL  ;         ; N               ;
; 29       ; 28         ; --       ; RESERVED       ;        ;              ;         ;                 ;
; 30       ; 29         ; --       ; GND            ; gnd    ;              ;         ;                 ;
; 31       ; 30         ; --       ; IN1[0]         ; input  ; 3.3-V LVTTL  ;         ; N               ;
; 32       ; 31         ; --       ; TCK            ; input  ; 3.3-V LVTTL  ;         ; N               ;
; 33       ; 32         ; --       ; RESERVED       ;        ;              ;         ;                 ;
; 34       ; 33         ; --       ; IN2[0]         ; input  ; 3.3-V LVTTL  ;         ; N               ;
; 35       ; 34         ; --       ; VCCIO          ; power  ;              ; 3.3V    ;                 ;
; 36       ; 35         ; --       ; GND            ; gnd    ;              ;         ;                 ;
; 37       ; 36         ; --       ; RESERVED       ;        ;              ;         ;                 ;
; 38       ; 37         ; --       ; TDO            ; output ; 3.3-V LVTTL  ;         ; N               ;
; 39       ; 38         ; --       ; RESERVED       ;        ;              ;         ;                 ;
; 40       ; 39         ; --       ; RESERVED       ;        ;              ;         ;                 ;
; 41       ; 40         ; --       ; IN1[3]         ; input  ; 3.3-V LVTTL  ;         ; N               ;
; 42       ; 41         ; --       ; GND            ; gnd    ;              ;         ;                 ;
; 43       ; 42         ; --       ; GND+           ;        ;              ;         ;                 ;
; 44       ; 43         ; --       ; GND+           ;        ;              ;         ;                 ;
+----------+------------+----------+----------------+--------+--------------+---------+-----------------+
Note: Pin directions (input, output or bidir) are based on device operating in user mode.


+-----------------------------------------------+
; Output Pin Default Load For Reported TCO      ;
+--------------+-------+------------------------+
; I/O Standard ; Load  ; Termination Resistance ;
+--------------+-------+------------------------+
; 3.3-V LVTTL  ; 10 pF ; Not Available          ;
; 3.3-V LVCMOS ; 10 pF ; Not Available          ;
; 3.3-V PCI    ; 10 pF ; 25 Ohm (Parallel)      ;
; 2.5 V        ; 10 pF ; Not Available          ;
+--------------+-------+------------------------+
Note: User assignments will override these defaults. The user specified values are listed in the Output Pins and Bidir Pins tables.


+-------------------------------------------------------------------------------------------------------------------------+
; Fitter Resource Utilization by Entity                                                                                   ;
+----------------------------+------------+------+---------------------------------------------------------+--------------+
; Compilation Hierarchy Node ; Macrocells ; Pins ; Full Hierarchy Name                                     ; Library Name ;
+----------------------------+------------+------+---------------------------------------------------------+--------------+
; |gcd_cal                   ; 43         ; 16   ; |gcd_cal                                                ; work         ;
;    |four_bit_comp:f1|      ; 3          ; 0    ; |gcd_cal|four_bit_comp:f1                               ; work         ;
;    |four_bit_sub:f2|       ; 13         ; 0    ; |gcd_cal|four_bit_sub:f2                                ; work         ;
;       |four_bit_adder:f1|  ; 4          ; 0    ; |gcd_cal|four_bit_sub:f2|four_bit_adder:f1              ; work         ;
;          |FullAdder:F3|    ; 4          ; 0    ; |gcd_cal|four_bit_sub:f2|four_bit_adder:f1|FullAdder:F3 ; work         ;
;       |four_bit_adder:f2|  ; 9          ; 0    ; |gcd_cal|four_bit_sub:f2|four_bit_adder:f2              ; work         ;
;          |FullAdder:F2|    ; 6          ; 0    ; |gcd_cal|four_bit_sub:f2|four_bit_adder:f2|FullAdder:F2 ; work         ;
;          |FullAdder:F3|    ; 1          ; 0    ; |gcd_cal|four_bit_sub:f2|four_bit_adder:f2|FullAdder:F3 ; work         ;
;          |FullAdder:F4|    ; 2          ; 0    ; |gcd_cal|four_bit_sub:f2|four_bit_adder:f2|FullAdder:F4 ; work         ;
;    |mux:M10|               ; 1          ; 0    ; |gcd_cal|mux:M10                                        ; work         ;
;    |mux:M11|               ; 0          ; 0    ; |gcd_cal|mux:M11                                        ; work         ;
;    |mux:M13|               ; 0          ; 0    ; |gcd_cal|mux:M13                                        ; work         ;
;    |mux:M14|               ; 4          ; 0    ; |gcd_cal|mux:M14                                        ; work         ;
;    |mux:M15|               ; 4          ; 0    ; |gcd_cal|mux:M15                                        ; work         ;
;    |mux:M2|                ; 1          ; 0    ; |gcd_cal|mux:M2                                         ; work         ;
;    |mux:M3|                ; 1          ; 0    ; |gcd_cal|mux:M3                                         ; work         ;
;    |mux:M4|                ; 1          ; 0    ; |gcd_cal|mux:M4                                         ; work         ;
;    |mux:M5|                ; 1          ; 0    ; |gcd_cal|mux:M5                                         ; work         ;
;    |mux:M6|                ; 3          ; 0    ; |gcd_cal|mux:M6                                         ; work         ;
;    |mux:M7|                ; 3          ; 0    ; |gcd_cal|mux:M7                                         ; work         ;
;    |mux:M8|                ; 3          ; 0    ; |gcd_cal|mux:M8                                         ; work         ;
;    |mux:M9|                ; 0          ; 0    ; |gcd_cal|mux:M9                                         ; work         ;
+----------------------------+------------+------+---------------------------------------------------------+--------------+


+----------------------------------------------------------------+
; Non-Global High Fan-Out Signals                                ;
+------------------------------------------------------+---------+
; Name                                                 ; Fan-Out ;
+------------------------------------------------------+---------+
; a1~4                                                 ; 32      ;
; four_bit_comp:f1|R2~5                                ; 32      ;
; mux:M8|O1~5                                          ; 31      ;
; mux:M7|O1~5                                          ; 29      ;
; four_bit_sub:f2|four_bit_adder:f2|FullAdder:F2|x2~3  ; 27      ;
; four_bit_sub:f2|four_bit_adder:f2|FullAdder:F4|x2~3  ; 24      ;
; mux:M5|O1~6                                          ; 24      ;
; mux:M6|O1~5                                          ; 24      ;
; four_bit_sub:f2|four_bit_adder:f2|FullAdder:F3|x2~1  ; 23      ;
; IN1[3]                                               ; 18      ;
; IN1[1]                                               ; 18      ;
; IN1[2]                                               ; 17      ;
; IN2[0]                                               ; 14      ;
; mux:M13|A1~2sexp                                     ; 6       ;
; mux:M13|A1~3                                         ; 5       ;
; mux:M14|O1~8                                         ; 5       ;
; mux:M11|O1~4sexp                                     ; 3       ;
; mux:M4|O1~5                                          ; 3       ;
; mux:M15|O1~8                                         ; 3       ;
; mux:M10|O1~5                                         ; 3       ;
; mux:M13|A1~4                                         ; 2       ;
; mux:M9|A2~1sexp                                      ; 2       ;
; mux:M3|O1~5                                          ; 2       ;
; mux:M2|O1~5                                          ; 2       ;
; IN2[3]                                               ; 1       ;
; IN2[2]                                               ; 1       ;
; IN2[1]                                               ; 1       ;
; mux:M11|O1~6sexp                                     ; 1       ;
; mux:M8|O1~15                                         ; 1       ;
; mux:M8|O1~10                                         ; 1       ;
; four_bit_sub:f2|four_bit_adder:f2|FullAdder:F4|x2~13 ; 1       ;
; mux:M15|O1~19                                        ; 1       ;
; mux:M15|O1~13                                        ; 1       ;
; mux:M15|O1~9                                         ; 1       ;
; four_bit_sub:f2|four_bit_adder:f1|FullAdder:F3|x2~18 ; 1       ;
; four_bit_sub:f2|four_bit_adder:f1|FullAdder:F3|x2~12 ; 1       ;
; four_bit_sub:f2|four_bit_adder:f1|FullAdder:F3|x2~7  ; 1       ;
; mux:M14|O1~19                                        ; 1       ;
; mux:M14|O1~13                                        ; 1       ;
; mux:M14|O1~9                                         ; 1       ;
; four_bit_sub:f2|four_bit_adder:f2|FullAdder:F2|x2~28 ; 1       ;
; four_bit_sub:f2|four_bit_adder:f2|FullAdder:F2|x2~22 ; 1       ;
; four_bit_sub:f2|four_bit_adder:f2|FullAdder:F2|x2~16 ; 1       ;
; four_bit_comp:f1|R2~11                               ; 1       ;
; four_bit_comp:f1|R2~6                                ; 1       ;
; mux:M7|O1~15                                         ; 1       ;
; mux:M7|O1~10                                         ; 1       ;
; mux:M6|O1~15                                         ; 1       ;
; mux:M6|O1~10                                         ; 1       ;
; four_bit_sub:f2|four_bit_adder:f2|FullAdder:F2|x2~10 ; 1       ;
; w1~1                                                 ; 1       ;
; w4~1                                                 ; 1       ;
; four_bit_sub:f2|four_bit_adder:f2|FullAdder:F4|x2~2  ; 1       ;
; four_bit_sub:f2|four_bit_adder:f2|FullAdder:F4|x2~1  ; 1       ;
; w3~1                                                 ; 1       ;
; four_bit_sub:f2|four_bit_adder:f2|FullAdder:F2|or1~4 ; 1       ;
; four_bit_sub:f2|four_bit_adder:f1|FullAdder:F3|x2~0  ; 1       ;
; w2~1                                                 ; 1       ;
; four_bit_sub:f2|four_bit_adder:f2|FullAdder:F2|x2~2  ; 1       ;
; four_bit_sub:f2|four_bit_adder:f2|FullAdder:F2|x2~1  ; 1       ;
+------------------------------------------------------+---------+


+-------------------------------------------------+
; Other Routing Usage Summary                     ;
+-----------------------------+-------------------+
; Other Routing Resource Type ; Usage             ;
+-----------------------------+-------------------+
; Output enables              ; 0 / 6 ( 0 % )     ;
; PIA buffers                 ; 51 / 144 ( 35 % ) ;
+-----------------------------+-------------------+


+-----------------------------------------------------------------------+
; LAB Macrocells                                                        ;
+-----------------------------------------+-----------------------------+
; Number of Macrocells  (Average = 10.75) ; Number of LABs  (Total = 3) ;
+-----------------------------------------+-----------------------------+
; 0                                       ; 1                           ;
; 1                                       ; 0                           ;
; 2                                       ; 0                           ;
; 3                                       ; 0                           ;
; 4                                       ; 0                           ;
; 5                                       ; 0                           ;
; 6                                       ; 0                           ;
; 7                                       ; 0                           ;
; 8                                       ; 0                           ;
; 9                                       ; 0                           ;
; 10                                      ; 0                           ;
; 11                                      ; 0                           ;
; 12                                      ; 1                           ;
; 13                                      ; 0                           ;
; 14                                      ; 0                           ;
; 15                                      ; 1                           ;
; 16                                      ; 1                           ;
+-----------------------------------------+-----------------------------+


+---------------------------------------------------------+
; Parallel Expander                                       ;
+--------------------------+------------------------------+
; Parallel Expander Length ; Number of Parallel Expanders ;
+--------------------------+------------------------------+
; 0                        ; 0                            ;
; 1                        ; 1                            ;
; 2                        ; 4                            ;
; 3                        ; 4                            ;
+--------------------------+------------------------------+


+-------------------------------------------------------------------------------+
; Shareable Expander                                                            ;
+-------------------------------------------------+-----------------------------+
; Number of shareable expanders  (Average = 2.50) ; Number of LABs  (Total = 3) ;
+-------------------------------------------------+-----------------------------+
; 0                                               ; 1                           ;
; 1                                               ; 1                           ;
; 2                                               ; 0                           ;
; 3                                               ; 1                           ;
; 4                                               ; 0                           ;
; 5                                               ; 0                           ;
; 6                                               ; 1                           ;
+-------------------------------------------------+-----------------------------+


+-------------------------------------------------------------------------------------------------------------------------------------------------------------------------------------------------------------------------------------------------------------------------------------------------------------------------------------------------------------------------------------------------------------------------------------------------------------------------------------------------------------------------------------------------------------------------------------------------------------------------------------------------------------------------------------------------------------------------------------------------------------------------------------------------------------------------------------------------------------------------------------------------------------------------------------------------------------------------------------------------------------------------------------------------------------------------------------------------------------------------------------------------------------------------------------------------------------------------------------------------------------------------+
; Logic Cell Interconnection                                                                                                                                                                                                                                                                                                                                                                                                                                                                                                                                                                                                                                                                                                                                                                                                                                                                                                                                                                                                                                                                                                                                                                                                                                              ;
+-----+------------+----------------------------------------------------------------------------------------------------------------------------------------------------------------------------------------------------------------------------------------------------------------------------------------------------------------------------------------------------+-------------------------------------------------------------------------------------------------------------------------------------------------------------------------------------------------------------------------------------------------------------------------------------------------------------------------------------------------------------------------------------------------------------------------------------------------------------------------------------------------------------------------------------------------------------------------------------------------------------------------------------------------------------------------------------------------------------------------------------------------------------------------------------------------------------------------------------------------------------------------------------------------+
; LAB ; Logic Cell ; Input                                                                                                                                                                                                                                                                                                                                              ; Output                                                                                                                                                                                                                                                                                                                                                                                                                                                                                                                                                                                                                                                                                                                                                                                                                                                                                          ;
+-----+------------+----------------------------------------------------------------------------------------------------------------------------------------------------------------------------------------------------------------------------------------------------------------------------------------------------------------------------------------------------+-------------------------------------------------------------------------------------------------------------------------------------------------------------------------------------------------------------------------------------------------------------------------------------------------------------------------------------------------------------------------------------------------------------------------------------------------------------------------------------------------------------------------------------------------------------------------------------------------------------------------------------------------------------------------------------------------------------------------------------------------------------------------------------------------------------------------------------------------------------------------------------------------+
;  A  ; LC14       ; mux:M10|O1~5, mux:M14|O1~8, mux:M13|A1~3, four_bit_comp:f1|R2~5, mux:M5|O1~6                                                                                                                                                                                                                                                                       ; four_bit_sub:f2|four_bit_adder:f2|FullAdder:F3|x2~1                                                                                                                                                                                                                                                                                                                                                                                                                                                                                                                                                                                                                                                                                                                                                                                                                                             ;
;  A  ; LC1        ; mux:M15|O1~8, four_bit_comp:f1|R2~5, mux:M7|O1~5, mux:M10|O1~5, mux:M14|O1~8, mux:M5|O1~6, mux:M9|A2~1sexp, mux:M11|O1~4sexp                                                                                                                                                                                                                       ; four_bit_sub:f2|four_bit_adder:f2|FullAdder:F4|x2~3                                                                                                                                                                                                                                                                                                                                                                                                                                                                                                                                                                                                                                                                                                                                                                                                                                             ;
;  A  ; LC11       ; four_bit_sub:f2|four_bit_adder:f1|FullAdder:F3|x2~12, a1~4, four_bit_sub:f2|four_bit_adder:f2|FullAdder:F3|x2~1, mux:M6|O1~5, four_bit_sub:f2|four_bit_adder:f2|FullAdder:F2|x2~3, IN1[2], IN2[0], IN1[3], IN1[1], mux:M8|O1~5, mux:M7|O1~5, four_bit_sub:f2|four_bit_adder:f2|FullAdder:F4|x2~3, mux:M13|A1~3, four_bit_comp:f1|R2~5, mux:M5|O1~6 ; four_bit_sub:f2|four_bit_adder:f1|FullAdder:F3|x2~0                                                                                                                                                                                                                                                                                                                                                                                                                                                                                                                                                                                                                                                                                                                                                                                                                                             ;
;  A  ; LC7        ; IN2[0], a1~4, four_bit_comp:f1|R2~5, mux:M5|O1~6                                                                                                                                                                                                                                                                                                   ; a1~4, four_bit_comp:f1|R2~5, mux:M5|O1~6, mux:M6|O1~5, mux:M7|O1~5, mux:M13|A1~2sexp, mux:M14|O1~8, four_bit_sub:f2|four_bit_adder:f1|FullAdder:F3|x2~0, four_bit_sub:f2|four_bit_adder:f2|FullAdder:F2|or1~4, mux:M15|O1~8, four_bit_sub:f2|four_bit_adder:f2|FullAdder:F4|x2~3, mux:M8|O1~5, mux:M7|O1~15, four_bit_comp:f1|R2~6, four_bit_comp:f1|R2~11, four_bit_sub:f2|four_bit_adder:f1|FullAdder:F3|x2~18, four_bit_sub:f2|four_bit_adder:f2|FullAdder:F4|x2~13, mux:M8|O1~15, mux:M9|A2~1sexp, mux:M6|O1~15, four_bit_sub:f2|four_bit_adder:f2|FullAdder:F2|x2~3, four_bit_sub:f2|four_bit_adder:f2|FullAdder:F2|x2~22, mux:M13|A1~3, mux:M13|A1~4                                                                                                                                                                                                                                      ;
;  A  ; LC13       ; IN1[1], a1~4, four_bit_sub:f2|four_bit_adder:f2|FullAdder:F2|x2~3                                                                                                                                                                                                                                                                                  ; four_bit_sub:f2|four_bit_adder:f2|FullAdder:F2|x2~1, mux:M10|O1~5                                                                                                                                                                                                                                                                                                                                                                                                                                                                                                                                                                                                                                                                                                                                                                                                                               ;
;  A  ; LC16       ; IN1[1], mux:M6|O1~5, four_bit_sub:f2|four_bit_adder:f2|FullAdder:F2|x2~3, IN2[0], IN1[3], IN1[2], mux:M7|O1~5, mux:M8|O1~5, mux:M13|A1~3                                                                                                                                                                                                           ; four_bit_sub:f2|four_bit_adder:f2|FullAdder:F2|x2~16                                                                                                                                                                                                                                                                                                                                                                                                                                                                                                                                                                                                                                                                                                                                                                                                                                            ;
;  A  ; LC2        ; four_bit_sub:f2|four_bit_adder:f2|FullAdder:F4|x2~13, mux:M14|O1~8, mux:M7|O1~5, mux:M10|O1~5, four_bit_comp:f1|R2~5, four_bit_sub:f2|four_bit_adder:f2|FullAdder:F4|x2~1, four_bit_sub:f2|four_bit_adder:f2|FullAdder:F4|x2~2, mux:M5|O1~6, mux:M9|A2~1sexp, mux:M11|O1~4sexp, mux:M15|O1~8                                                       ; four_bit_comp:f1|R2~5, mux:M14|O1~8, four_bit_sub:f2|four_bit_adder:f1|FullAdder:F3|x2~0, mux:M15|O1~8, mux:M4|O1~5, mux:M6|O1~5, mux:M7|O1~5, w4~1, a1~4, mux:M8|O1~5, mux:M6|O1~10, mux:M6|O1~15, mux:M7|O1~10, mux:M7|O1~15, four_bit_comp:f1|R2~6, four_bit_comp:f1|R2~11, mux:M14|O1~9, mux:M14|O1~13, four_bit_sub:f2|four_bit_adder:f1|FullAdder:F3|x2~7, four_bit_sub:f2|four_bit_adder:f1|FullAdder:F3|x2~18, mux:M15|O1~9, mux:M15|O1~13, mux:M8|O1~10, mux:M8|O1~15                                                                                                                                                                                                                                                                                                                                                                                                                  ;
;  A  ; LC3        ; four_bit_sub:f2|four_bit_adder:f2|FullAdder:F2|x2~3, mux:M14|O1~8                                                                                                                                                                                                                                                                                  ; C[1]                                                                                                                                                                                                                                                                                                                                                                                                                                                                                                                                                                                                                                                                                                                                                                                                                                                                                            ;
;  A  ; LC12       ; four_bit_sub:f2|four_bit_adder:f1|FullAdder:F3|x2~18, IN1[3], IN1[1], IN2[0], mux:M8|O1~5, a1~4, mux:M7|O1~5, mux:M6|O1~5, four_bit_sub:f2|four_bit_adder:f2|FullAdder:F4|x2~3, four_bit_sub:f2|four_bit_adder:f2|FullAdder:F2|x2~3, mux:M14|O1~8, four_bit_comp:f1|R2~5, mux:M5|O1~6, mux:M13|A1~3                                                ; four_bit_sub:f2|four_bit_adder:f2|FullAdder:F3|x2~1                                                                                                                                                                                                                                                                                                                                                                                                                                                                                                                                                                                                                                                                                                                                                                                                                                             ;
;  A  ; LC4        ; four_bit_sub:f2|four_bit_adder:f2|FullAdder:F4|x2~3, mux:M4|O1~5, four_bit_comp:f1|R2~5, mux:M8|O1~5                                                                                                                                                                                                                                               ; C[3]                                                                                                                                                                                                                                                                                                                                                                                                                                                                                                                                                                                                                                                                                                                                                                                                                                                                                            ;
;  A  ; LC10       ; four_bit_sub:f2|four_bit_adder:f1|FullAdder:F3|x2~7, IN1[2], a1~4, mux:M7|O1~5, four_bit_sub:f2|four_bit_adder:f2|FullAdder:F3|x2~1, IN1[1], mux:M6|O1~5, four_bit_sub:f2|four_bit_adder:f2|FullAdder:F2|x2~3                                                                                                                                      ; four_bit_sub:f2|four_bit_adder:f1|FullAdder:F3|x2~18                                                                                                                                                                                                                                                                                                                                                                                                                                                                                                                                                                                                                                                                                                                                                                                                                                            ;
;  A  ; LC15       ; IN1[2], a1~4, four_bit_sub:f2|four_bit_adder:f2|FullAdder:F3|x2~1                                                                                                                                                                                                                                                                                  ; four_bit_sub:f2|four_bit_adder:f2|FullAdder:F3|x2~1, mux:M11|O1~4sexp                                                                                                                                                                                                                                                                                                                                                                                                                                                                                                                                                                                                                                                                                                                                                                                                                           ;
;  A  ; LC6        ; four_bit_sub:f2|four_bit_adder:f1|FullAdder:F3|x2~0, four_bit_sub:f2|four_bit_adder:f2|FullAdder:F2|or1~4, four_bit_comp:f1|R2~5, mux:M3|O1~5, mux:M11|O1~4sexp, mux:M11|O1~6sexp, mux:M7|O1~5                                                                                                                                                     ; four_bit_comp:f1|R2~5, mux:M14|O1~8, mux:M3|O1~5, mux:M6|O1~5, mux:M7|O1~5, w3~1, a1~4, mux:M8|O1~5, mux:M6|O1~10, mux:M6|O1~15, mux:M7|O1~10, mux:M7|O1~15, four_bit_comp:f1|R2~6, four_bit_comp:f1|R2~11, mux:M14|O1~13, four_bit_sub:f2|four_bit_adder:f1|FullAdder:F3|x2~7, four_bit_sub:f2|four_bit_adder:f1|FullAdder:F3|x2~12, four_bit_sub:f2|four_bit_adder:f1|FullAdder:F3|x2~18, mux:M15|O1~9, mux:M15|O1~13, mux:M15|O1~19, mux:M8|O1~10, mux:M8|O1~15                                                                                                                                                                                                                                                                                                                                                                                                                              ;
;  A  ; LC8        ; four_bit_comp:f1|R2~5, four_bit_sub:f2|four_bit_adder:f2|FullAdder:F2|x2~3, four_bit_sub:f2|four_bit_adder:f2|FullAdder:F3|x2~1, four_bit_sub:f2|four_bit_adder:f2|FullAdder:F4|x2~3, mux:M5|O1~6, mux:M13|A1~3                                                                                                                                    ; mux:M6|O1~5, mux:M7|O1~5, four_bit_comp:f1|R2~5, mux:M5|O1~6, mux:M2|O1~5, mux:M14|O1~8, four_bit_sub:f2|four_bit_adder:f1|FullAdder:F3|x2~0, mux:M3|O1~5, mux:M15|O1~8, mux:M4|O1~5, mux:M8|O1~5, mux:M6|O1~10, mux:M6|O1~15, mux:M7|O1~10, mux:M7|O1~15, four_bit_comp:f1|R2~6, four_bit_comp:f1|R2~11, four_bit_sub:f2|four_bit_adder:f2|FullAdder:F2|x2~16, four_bit_sub:f2|four_bit_adder:f2|FullAdder:F2|x2~22, four_bit_sub:f2|four_bit_adder:f2|FullAdder:F2|x2~28, mux:M14|O1~9, mux:M14|O1~13, mux:M14|O1~19, four_bit_sub:f2|four_bit_adder:f1|FullAdder:F3|x2~7, four_bit_sub:f2|four_bit_adder:f1|FullAdder:F3|x2~12, four_bit_sub:f2|four_bit_adder:f1|FullAdder:F3|x2~18, mux:M15|O1~9, mux:M15|O1~13, mux:M15|O1~19, mux:M8|O1~10, mux:M8|O1~15, four_bit_sub:f2|four_bit_adder:f2|FullAdder:F2|x2~3                                                                            ;
;  A  ; LC5        ; four_bit_sub:f2|four_bit_adder:f2|FullAdder:F3|x2~1, mux:M15|O1~8                                                                                                                                                                                                                                                                                  ; C[2]                                                                                                                                                                                                                                                                                                                                                                                                                                                                                                                                                                                                                                                                                                                                                                                                                                                                                            ;
;  A  ; LC9        ; IN1[3], IN1[2], mux:M8|O1~5, a1~4, four_bit_sub:f2|four_bit_adder:f2|FullAdder:F4|x2~3, four_bit_sub:f2|four_bit_adder:f2|FullAdder:F3|x2~1                                                                                                                                                                                                        ; four_bit_sub:f2|four_bit_adder:f1|FullAdder:F3|x2~12                                                                                                                                                                                                                                                                                                                                                                                                                                                                                                                                                                                                                                                                                                                                                                                                                                            ;
;  B  ; LC24       ; mux:M14|O1~19, mux:M8|O1~5, a1~4, four_bit_sub:f2|four_bit_adder:f2|FullAdder:F4|x2~3, mux:M7|O1~5, four_bit_sub:f2|four_bit_adder:f2|FullAdder:F3|x2~1, mux:M6|O1~5, IN1[3], IN1[2], IN2[0], four_bit_comp:f1|R2~5, mux:M5|O1~6                                                                                                                   ; w2~1, four_bit_sub:f2|four_bit_adder:f1|FullAdder:F3|x2~0, four_bit_sub:f2|four_bit_adder:f2|FullAdder:F2|or1~4, four_bit_sub:f2|four_bit_adder:f2|FullAdder:F4|x2~3, four_bit_sub:f2|four_bit_adder:f2|FullAdder:F4|x2~13                                                                                                                                                                                                                                                                                                                                                                                                                                                                                                                                                                                                                                                                      ;
;  B  ; LC31       ; four_bit_comp:f1|R2~5, mux:M2|O1~5, mux:M6|O1~5                                                                                                                                                                                                                                                                                                    ; four_bit_sub:f2|four_bit_adder:f2|FullAdder:F2|or1~4, four_bit_sub:f2|four_bit_adder:f2|FullAdder:F4|x2~3, four_bit_sub:f2|four_bit_adder:f2|FullAdder:F4|x2~13                                                                                                                                                                                                                                                                                                                                                                                                                                                                                                                                                                                                                                                                                                                                 ;
;  B  ; LC29       ; mux:M15|O1~19, mux:M8|O1~5, a1~4, four_bit_sub:f2|four_bit_adder:f2|FullAdder:F4|x2~3, mux:M7|O1~5, mux:M6|O1~5, four_bit_sub:f2|four_bit_adder:f2|FullAdder:F2|x2~3, IN1[3], IN1[1], IN2[0], four_bit_comp:f1|R2~5, mux:M5|O1~6                                                                                                                   ; w3~1, four_bit_sub:f2|four_bit_adder:f2|FullAdder:F4|x2~13, four_bit_sub:f2|four_bit_adder:f2|FullAdder:F4|x2~3                                                                                                                                                                                                                                                                                                                                                                                                                                                                                                                                                                                                                                                                                                                                                                                 ;
;  B  ; LC32       ; IN1[3], a1~4, four_bit_sub:f2|four_bit_adder:f2|FullAdder:F4|x2~3                                                                                                                                                                                                                                                                                  ; four_bit_sub:f2|four_bit_adder:f2|FullAdder:F4|x2~1, four_bit_sub:f2|four_bit_adder:f2|FullAdder:F4|x2~2, w4~1                                                                                                                                                                                                                                                                                                                                                                                                                                                                                                                                                                                                                                                                                                                                                                                  ;
;  B  ; LC25       ;                                                                                                                                                                                                                                                                                                                                                    ; C[0]                                                                                                                                                                                                                                                                                                                                                                                                                                                                                                                                                                                                                                                                                                                                                                                                                                                                                            ;
;  B  ; LC20       ; four_bit_sub:f2|four_bit_adder:f2|FullAdder:F2|x2~28, four_bit_sub:f2|four_bit_adder:f2|FullAdder:F2|x2~1, four_bit_sub:f2|four_bit_adder:f2|FullAdder:F2|x2~2, IN1[1], IN1[3], mux:M8|O1~5, four_bit_sub:f2|four_bit_adder:f2|FullAdder:F2|x2~3, mux:M13|A1~2sexp, a1~4, IN2[0], four_bit_comp:f1|R2~5, mux:M5|O1~6                               ; four_bit_comp:f1|R2~5, mux:M2|O1~5, mux:M6|O1~5, mux:M7|O1~5, four_bit_sub:f2|four_bit_adder:f2|FullAdder:F2|x2~3, w2~1, four_bit_sub:f2|four_bit_adder:f1|FullAdder:F3|x2~0, mux:M15|O1~8, a1~4, mux:M8|O1~5, four_bit_sub:f2|four_bit_adder:f2|FullAdder:F2|x2~10, mux:M6|O1~10, mux:M6|O1~15, mux:M7|O1~10, mux:M7|O1~15, four_bit_comp:f1|R2~6, four_bit_comp:f1|R2~11, four_bit_sub:f2|four_bit_adder:f2|FullAdder:F2|x2~28, mux:M14|O1~9, mux:M14|O1~13, mux:M14|O1~19, four_bit_sub:f2|four_bit_adder:f1|FullAdder:F3|x2~12, four_bit_sub:f2|four_bit_adder:f1|FullAdder:F3|x2~18, mux:M15|O1~13, mux:M15|O1~19, mux:M8|O1~10, mux:M8|O1~15                                                                                                                                                                                                                                              ;
;  B  ; LC17       ; a1~4, IN1[1], IN2[0], mux:M8|O1~5, IN1[3], mux:M13|A1~2sexp, mux:M7|O1~5, IN1[2], mux:M6|O1~5, four_bit_sub:f2|four_bit_adder:f2|FullAdder:F2|x2~10                                                                                                                                                                                                ; four_bit_sub:f2|four_bit_adder:f2|FullAdder:F2|x2~22                                                                                                                                                                                                                                                                                                                                                                                                                                                                                                                                                                                                                                                                                                                                                                                                                                            ;
;  B  ; LC18       ; four_bit_sub:f2|four_bit_adder:f2|FullAdder:F2|x2~16, mux:M7|O1~5, IN1[1], a1~4, IN1[2], mux:M6|O1~5, IN2[0], mux:M8|O1~5, IN1[3], mux:M13|A1~2sexp, four_bit_comp:f1|R2~5, mux:M5|O1~6                                                                                                                                                            ; four_bit_sub:f2|four_bit_adder:f2|FullAdder:F2|x2~28                                                                                                                                                                                                                                                                                                                                                                                                                                                                                                                                                                                                                                                                                                                                                                                                                                            ;
;  B  ; LC19       ; four_bit_sub:f2|four_bit_adder:f2|FullAdder:F2|x2~22, mux:M8|O1~5, mux:M7|O1~5, a1~4, IN1[2], IN1[3], IN1[1], four_bit_sub:f2|four_bit_adder:f2|FullAdder:F2|x2~3, mux:M13|A1~2sexp                                                                                                                                                                ; four_bit_sub:f2|four_bit_adder:f2|FullAdder:F2|x2~3                                                                                                                                                                                                                                                                                                                                                                                                                                                                                                                                                                                                                                                                                                                                                                                                                                             ;
;  B  ; LC21       ; IN1[3], IN1[1], mux:M8|O1~5, a1~4, four_bit_sub:f2|four_bit_adder:f2|FullAdder:F4|x2~3, four_bit_sub:f2|four_bit_adder:f2|FullAdder:F2|x2~3                                                                                                                                                                                                        ; mux:M14|O1~13                                                                                                                                                                                                                                                                                                                                                                                                                                                                                                                                                                                                                                                                                                                                                                                                                                                                                   ;
;  B  ; LC22       ; mux:M14|O1~9, mux:M8|O1~5, a1~4, four_bit_sub:f2|four_bit_adder:f2|FullAdder:F4|x2~3, four_bit_sub:f2|four_bit_adder:f2|FullAdder:F2|x2~3, IN1[2], IN1[1], mux:M7|O1~5, four_bit_sub:f2|four_bit_adder:f2|FullAdder:F3|x2~1                                                                                                                        ; mux:M14|O1~19                                                                                                                                                                                                                                                                                                                                                                                                                                                                                                                                                                                                                                                                                                                                                                                                                                                                                   ;
;  B  ; LC23       ; mux:M14|O1~13, IN1[1], a1~4, mux:M6|O1~5, four_bit_sub:f2|four_bit_adder:f2|FullAdder:F2|x2~3, IN2[0], IN1[3], IN1[2], mux:M8|O1~5, mux:M7|O1~5, mux:M13|A1~2sexp                                                                                                                                                                                  ; mux:M14|O1~8                                                                                                                                                                                                                                                                                                                                                                                                                                                                                                                                                                                                                                                                                                                                                                                                                                                                                    ;
;  B  ; LC26       ; IN1[3], IN1[2], mux:M8|O1~5, a1~4, four_bit_sub:f2|four_bit_adder:f2|FullAdder:F4|x2~3, four_bit_sub:f2|four_bit_adder:f2|FullAdder:F3|x2~1                                                                                                                                                                                                        ; mux:M15|O1~13                                                                                                                                                                                                                                                                                                                                                                                                                                                                                                                                                                                                                                                                                                                                                                                                                                                                                   ;
;  B  ; LC27       ; mux:M15|O1~9, mux:M8|O1~5, a1~4, four_bit_sub:f2|four_bit_adder:f2|FullAdder:F4|x2~3, four_bit_sub:f2|four_bit_adder:f2|FullAdder:F3|x2~1, IN1[2], mux:M7|O1~5, IN1[1], mux:M6|O1~5, four_bit_sub:f2|four_bit_adder:f2|FullAdder:F2|x2~3                                                                                                           ; mux:M15|O1~19                                                                                                                                                                                                                                                                                                                                                                                                                                                                                                                                                                                                                                                                                                                                                                                                                                                                                   ;
;  B  ; LC28       ; mux:M15|O1~13, IN1[2], IN1[1], a1~4, mux:M6|O1~5, four_bit_sub:f2|four_bit_adder:f2|FullAdder:F3|x2~1, four_bit_sub:f2|four_bit_adder:f2|FullAdder:F2|x2~3, IN2[0], IN1[3], mux:M8|O1~5, mux:M7|O1~5, mux:M13|A1~2sexp                                                                                                                             ; mux:M15|O1~8                                                                                                                                                                                                                                                                                                                                                                                                                                                                                                                                                                                                                                                                                                                                                                                                                                                                                    ;
;  C  ; LC37       ; mux:M7|O1~10, four_bit_sub:f2|four_bit_adder:f2|FullAdder:F3|x2~1, mux:M6|O1~5, four_bit_sub:f2|four_bit_adder:f2|FullAdder:F2|x2~3, a1~4, mux:M8|O1~5, four_bit_sub:f2|four_bit_adder:f2|FullAdder:F4|x2~3, mux:M7|O1~5, mux:M13|A1~4, four_bit_comp:f1|R2~5, mux:M5|O1~6                                                                         ; mux:M7|O1~5                                                                                                                                                                                                                                                                                                                                                                                                                                                                                                                                                                                                                                                                                                                                                                                                                                                                                     ;
;  C  ; LC40       ; IN2[0], IN1[3], IN1[2], IN1[1], a1~4, mux:M8|O1~5, mux:M7|O1~5, mux:M6|O1~5, four_bit_sub:f2|four_bit_adder:f2|FullAdder:F4|x2~3, four_bit_sub:f2|four_bit_adder:f2|FullAdder:F3|x2~1, four_bit_sub:f2|four_bit_adder:f2|FullAdder:F2|x2~3, four_bit_comp:f1|R2~5, mux:M5|O1~6                                                                     ; four_bit_comp:f1|R2~11                                                                                                                                                                                                                                                                                                                                                                                                                                                                                                                                                                                                                                                                                                                                                                                                                                                                          ;
;  C  ; LC41       ; four_bit_comp:f1|R2~6, a1~4, mux:M8|O1~5, mux:M7|O1~5, mux:M6|O1~5, four_bit_sub:f2|four_bit_adder:f2|FullAdder:F4|x2~3, four_bit_sub:f2|four_bit_adder:f2|FullAdder:F3|x2~1, four_bit_sub:f2|four_bit_adder:f2|FullAdder:F2|x2~3, IN2[0], IN1[3], IN1[2], IN1[1], four_bit_comp:f1|R2~5, mux:M5|O1~6                                              ; four_bit_comp:f1|R2~5                                                                                                                                                                                                                                                                                                                                                                                                                                                                                                                                                                                                                                                                                                                                                                                                                                                                           ;
;  C  ; LC45       ; mux:M8|O1~15, IN2[3], a1~4, four_bit_sub:f2|four_bit_adder:f2|FullAdder:F4|x2~3, mux:M8|O1~5, four_bit_sub:f2|four_bit_adder:f2|FullAdder:F3|x2~1, mux:M7|O1~5, mux:M6|O1~5, four_bit_sub:f2|four_bit_adder:f2|FullAdder:F2|x2~3, four_bit_comp:f1|R2~5, mux:M5|O1~6                                                                               ; four_bit_comp:f1|R2~5, mux:M14|O1~8, four_bit_sub:f2|four_bit_adder:f1|FullAdder:F3|x2~0, mux:M15|O1~8, four_bit_sub:f2|four_bit_adder:f2|FullAdder:F4|x2~1, four_bit_sub:f2|four_bit_adder:f2|FullAdder:F4|x2~2, mux:M6|O1~5, mux:M7|O1~5, four_bit_sub:f2|four_bit_adder:f2|FullAdder:F2|x2~3, mux:M8|O1~5, four_bit_sub:f2|four_bit_adder:f2|FullAdder:F2|x2~10, mux:M6|O1~10, mux:M6|O1~15, mux:M7|O1~10, mux:M7|O1~15, four_bit_comp:f1|R2~6, four_bit_comp:f1|R2~11, four_bit_sub:f2|four_bit_adder:f2|FullAdder:F2|x2~16, four_bit_sub:f2|four_bit_adder:f2|FullAdder:F2|x2~22, four_bit_sub:f2|four_bit_adder:f2|FullAdder:F2|x2~28, mux:M14|O1~9, mux:M14|O1~13, mux:M14|O1~19, four_bit_sub:f2|four_bit_adder:f1|FullAdder:F3|x2~7, four_bit_sub:f2|four_bit_adder:f1|FullAdder:F3|x2~18, mux:M15|O1~9, mux:M15|O1~13, mux:M15|O1~19, mux:M8|O1~10, mux:M8|O1~15, w4~1                ;
;  C  ; LC35       ; mux:M6|O1~15, IN2[1], a1~4, mux:M6|O1~5, four_bit_sub:f2|four_bit_adder:f2|FullAdder:F2|x2~3, four_bit_sub:f2|four_bit_adder:f2|FullAdder:F4|x2~3, four_bit_sub:f2|four_bit_adder:f2|FullAdder:F3|x2~1, mux:M7|O1~5, mux:M8|O1~5, four_bit_comp:f1|R2~5, mux:M5|O1~6                                                                               ; mux:M6|O1~5, mux:M7|O1~5, four_bit_comp:f1|R2~5, four_bit_sub:f2|four_bit_adder:f2|FullAdder:F2|x2~2, mux:M14|O1~8, four_bit_sub:f2|four_bit_adder:f1|FullAdder:F3|x2~0, mux:M10|O1~5, mux:M15|O1~8, mux:M8|O1~5, four_bit_sub:f2|four_bit_adder:f2|FullAdder:F2|x2~10, mux:M6|O1~15, mux:M7|O1~10, mux:M7|O1~15, four_bit_comp:f1|R2~6, four_bit_comp:f1|R2~11, four_bit_sub:f2|four_bit_adder:f2|FullAdder:F2|x2~22, mux:M14|O1~19, four_bit_sub:f2|four_bit_adder:f1|FullAdder:F3|x2~12, four_bit_sub:f2|four_bit_adder:f1|FullAdder:F3|x2~18, mux:M15|O1~13, mux:M15|O1~19, mux:M8|O1~10, mux:M8|O1~15, four_bit_sub:f2|four_bit_adder:f2|FullAdder:F2|x2~16                                                                                                                                                                                                                                ;
;  C  ; LC42       ; four_bit_comp:f1|R2~11, IN2[0], IN1[3], IN1[2], IN1[1], a1~4, mux:M8|O1~5, mux:M7|O1~5, mux:M6|O1~5, four_bit_sub:f2|four_bit_adder:f2|FullAdder:F4|x2~3, four_bit_sub:f2|four_bit_adder:f2|FullAdder:F3|x2~1, four_bit_sub:f2|four_bit_adder:f2|FullAdder:F2|x2~3, four_bit_comp:f1|R2~5, mux:M5|O1~6                                             ; four_bit_sub:f2|four_bit_adder:f2|FullAdder:F2|x2~1, four_bit_sub:f2|four_bit_adder:f2|FullAdder:F2|x2~2, mux:M10|O1~5, four_bit_sub:f2|four_bit_adder:f2|FullAdder:F4|x2~3, a1~4, four_bit_sub:f2|four_bit_adder:f2|FullAdder:F4|x2~13, w4~1, four_bit_comp:f1|R2~5, mux:M5|O1~6, mux:M6|O1~5, mux:M7|O1~5, mux:M13|A1~2sexp, mux:M14|O1~8, four_bit_sub:f2|four_bit_adder:f1|FullAdder:F3|x2~0, four_bit_sub:f2|four_bit_adder:f2|FullAdder:F2|or1~4, mux:M15|O1~8, mux:M8|O1~5, mux:M6|O1~15, mux:M7|O1~15, four_bit_comp:f1|R2~6, four_bit_comp:f1|R2~11, four_bit_sub:f2|four_bit_adder:f1|FullAdder:F3|x2~18, mux:M8|O1~15, mux:M9|A2~1sexp, four_bit_sub:f2|four_bit_adder:f2|FullAdder:F3|x2~1, mux:M11|O1~4sexp, mux:M11|O1~6sexp, mux:M6|O1~10, four_bit_sub:f2|four_bit_adder:f2|FullAdder:F2|x2~3, four_bit_sub:f2|four_bit_adder:f2|FullAdder:F2|x2~22, mux:M13|A1~3, mux:M13|A1~4 ;
;  C  ; LC33       ; four_bit_sub:f2|four_bit_adder:f2|FullAdder:F2|x2~3, mux:M8|O1~5, four_bit_sub:f2|four_bit_adder:f2|FullAdder:F4|x2~3, a1~4, mux:M7|O1~5, four_bit_sub:f2|four_bit_adder:f2|FullAdder:F3|x2~1, four_bit_comp:f1|R2~5                                                                                                                               ; mux:M6|O1~15                                                                                                                                                                                                                                                                                                                                                                                                                                                                                                                                                                                                                                                                                                                                                                                                                                                                                    ;
;  C  ; LC34       ; mux:M6|O1~10, four_bit_sub:f2|four_bit_adder:f2|FullAdder:F2|x2~3, mux:M6|O1~5, a1~4, mux:M8|O1~5, four_bit_sub:f2|four_bit_adder:f2|FullAdder:F4|x2~3, mux:M7|O1~5, four_bit_sub:f2|four_bit_adder:f2|FullAdder:F3|x2~1, mux:M5|O1~6, four_bit_comp:f1|R2~5                                                                                       ; mux:M6|O1~5                                                                                                                                                                                                                                                                                                                                                                                                                                                                                                                                                                                                                                                                                                                                                                                                                                                                                     ;
;  C  ; LC36       ; four_bit_sub:f2|four_bit_adder:f2|FullAdder:F3|x2~1, mux:M8|O1~5, four_bit_sub:f2|four_bit_adder:f2|FullAdder:F4|x2~3, a1~4, mux:M7|O1~5, mux:M6|O1~5, four_bit_sub:f2|four_bit_adder:f2|FullAdder:F2|x2~3                                                                                                                                         ; mux:M7|O1~15                                                                                                                                                                                                                                                                                                                                                                                                                                                                                                                                                                                                                                                                                                                                                                                                                                                                                    ;
;  C  ; LC38       ; mux:M7|O1~15, IN2[2], a1~4, four_bit_sub:f2|four_bit_adder:f2|FullAdder:F3|x2~1, mux:M7|O1~5, four_bit_sub:f2|four_bit_adder:f2|FullAdder:F4|x2~3, mux:M8|O1~5, mux:M6|O1~5, four_bit_sub:f2|four_bit_adder:f2|FullAdder:F2|x2~3, four_bit_comp:f1|R2~5, mux:M5|O1~6                                                                               ; mux:M6|O1~5, mux:M7|O1~5, four_bit_comp:f1|R2~5, mux:M14|O1~8, four_bit_sub:f2|four_bit_adder:f1|FullAdder:F3|x2~0, mux:M15|O1~8, four_bit_sub:f2|four_bit_adder:f2|FullAdder:F4|x2~3, mux:M8|O1~5, four_bit_sub:f2|four_bit_adder:f2|FullAdder:F2|x2~10, mux:M6|O1~10, mux:M6|O1~15, mux:M7|O1~10, mux:M7|O1~15, four_bit_comp:f1|R2~6, four_bit_comp:f1|R2~11, four_bit_sub:f2|four_bit_adder:f2|FullAdder:F2|x2~22, four_bit_sub:f2|four_bit_adder:f2|FullAdder:F2|x2~28, mux:M14|O1~13, mux:M14|O1~19, four_bit_sub:f2|four_bit_adder:f1|FullAdder:F3|x2~12, four_bit_sub:f2|four_bit_adder:f1|FullAdder:F3|x2~18, mux:M15|O1~13, mux:M15|O1~19, four_bit_sub:f2|four_bit_adder:f2|FullAdder:F4|x2~13, mux:M8|O1~10, mux:M8|O1~15, mux:M11|O1~6sexp, four_bit_sub:f2|four_bit_adder:f2|FullAdder:F3|x2~1, four_bit_sub:f2|four_bit_adder:f2|FullAdder:F2|x2~16                              ;
;  C  ; LC43       ; four_bit_sub:f2|four_bit_adder:f2|FullAdder:F4|x2~3, mux:M8|O1~5, a1~4, mux:M7|O1~5, four_bit_sub:f2|four_bit_adder:f2|FullAdder:F3|x2~1, mux:M6|O1~5, four_bit_sub:f2|four_bit_adder:f2|FullAdder:F2|x2~3                                                                                                                                         ; mux:M8|O1~15                                                                                                                                                                                                                                                                                                                                                                                                                                                                                                                                                                                                                                                                                                                                                                                                                                                                                    ;
;  C  ; LC44       ; mux:M8|O1~10, four_bit_sub:f2|four_bit_adder:f2|FullAdder:F4|x2~3, mux:M6|O1~5, four_bit_sub:f2|four_bit_adder:f2|FullAdder:F2|x2~3, a1~4, mux:M8|O1~5, mux:M7|O1~5, four_bit_sub:f2|four_bit_adder:f2|FullAdder:F3|x2~1, mux:M13|A1~4, four_bit_comp:f1|R2~5, mux:M5|O1~6                                                                         ; mux:M8|O1~5                                                                                                                                                                                                                                                                                                                                                                                                                                                                                                                                                                                                                                                                                                                                                                                                                                                                                     ;
+-----+------------+----------------------------------------------------------------------------------------------------------------------------------------------------------------------------------------------------------------------------------------------------------------------------------------------------------------------------------------------------+-------------------------------------------------------------------------------------------------------------------------------------------------------------------------------------------------------------------------------------------------------------------------------------------------------------------------------------------------------------------------------------------------------------------------------------------------------------------------------------------------------------------------------------------------------------------------------------------------------------------------------------------------------------------------------------------------------------------------------------------------------------------------------------------------------------------------------------------------------------------------------------------------+


+---------------------------------------------------------------+
; Fitter Device Options                                         ;
+----------------------------------------------+----------------+
; Option                                       ; Setting        ;
+----------------------------------------------+----------------+
; Enable user-supplied start-up clock (CLKUSR) ; Off            ;
; Enable device-wide reset (DEV_CLRn)          ; Off            ;
; Enable device-wide output enable (DEV_OE)    ; Off            ;
; Enable INIT_DONE output                      ; Off            ;
; Configuration scheme                         ; Passive Serial ;
; Security bit                                 ; Off            ;
; Base pin-out file on sameframe device        ; Off            ;
+----------------------------------------------+----------------+


+-----------------+
; Fitter Messages ;
+-----------------+
Warning (20028): Parallel compilation is not licensed and has been disabled
Info (119006): Selected device EPM3064ALC44-10 for design "gcd_cal"
Info: Quartus II 64-Bit Fitter was successful. 0 errors, 1 warning
    Info: Peak virtual memory: 615 megabytes
    Info: Processing ended: Thu Nov 16 18:53:55 2017
    Info: Elapsed time: 00:00:03
    Info: Total CPU time (on all processors): 00:00:01


