Flow report for gcd_cal
<<<<<<< HEAD
Thu Nov 16 18:54:03 2017
=======
Thu Nov 16 21:34:15 2017
>>>>>>> da9848d00cb7dd525e94997832a580413fbb7e72
Quartus II 64-Bit Version 13.0.1 Build 232 06/12/2013 Service Pack 1 SJ Web Edition


---------------------
; Table of Contents ;
---------------------
  1. Legal Notice
  2. Flow Summary
  3. Flow Settings
  4. Flow Non-Default Global Settings
  5. Flow Elapsed Time
  6. Flow OS Summary
  7. Flow Log
  8. Flow Messages
  9. Flow Suppressed Messages



----------------
; Legal Notice ;
----------------
Copyright (C) 1991-2013 Altera Corporation
Your use of Altera Corporation's design tools, logic functions 
and other software and tools, and its AMPP partner logic 
functions, and any output files from any of the foregoing 
(including device programming or simulation files), and any 
associated documentation or information are expressly subject 
to the terms and conditions of the Altera Program License 
Subscription Agreement, Altera MegaCore Function License 
Agreement, or other applicable license agreement, including, 
without limitation, that your use is for the sole purpose of 
programming logic devices manufactured by Altera and sold by 
Altera or its authorized distributors.  Please refer to the 
applicable agreement for further details.



+-----------------------------------------------------------------------------+
; Flow Summary                                                                ;
+---------------------------+-------------------------------------------------+
<<<<<<< HEAD
; Flow Status               ; Successful - Thu Nov 16 18:53:59 2017           ;
=======
; Flow Status               ; Successful - Thu Nov 16 21:34:15 2017           ;
>>>>>>> da9848d00cb7dd525e94997832a580413fbb7e72
; Quartus II 64-Bit Version ; 13.0.1 Build 232 06/12/2013 SP 1 SJ Web Edition ;
; Revision Name             ; gcd_cal                                         ;
; Top-level Entity Name     ; gcd_cal                                         ;
; Family                    ; MAX3000A                                        ;
; Device                    ; EPM3064ALC44-10                                 ;
; Timing Models             ; Final                                           ;
; Total macrocells          ; 43 / 64 ( 67 % )                                ;
; Total pins                ; 16 / 34 ( 47 % )                                ;
+---------------------------+-------------------------------------------------+


+-----------------------------------------+
; Flow Settings                           ;
+-------------------+---------------------+
; Option            ; Setting             ;
+-------------------+---------------------+
<<<<<<< HEAD
; Start date & time ; 11/16/2017 18:53:48 ;
=======
; Start date & time ; 11/16/2017 21:33:40 ;
>>>>>>> da9848d00cb7dd525e94997832a580413fbb7e72
; Main task         ; Compilation         ;
; Revision Name     ; gcd_cal             ;
+-------------------+---------------------+


<<<<<<< HEAD
+-------------------------------------------------------------------------------------------------------+
; Flow Non-Default Global Settings                                                                      ;
+--------------------------+---------------------------------+---------------+-------------+------------+
; Assignment Name          ; Value                           ; Default Value ; Entity Name ; Section Id ;
+--------------------------+---------------------------------+---------------+-------------+------------+
; COMPILER_SIGNATURE_ID    ; 233654135410124.151083862810212 ; --            ; --          ; --         ;
; MAX_CORE_JUNCTION_TEMP   ; 85                              ; --            ; --          ; --         ;
; MIN_CORE_JUNCTION_TEMP   ; 0                               ; --            ; --          ; --         ;
; PROJECT_OUTPUT_DIRECTORY ; output_files                    ; --            ; --          ; --         ;
+--------------------------+---------------------------------+---------------+-------------+------------+
=======
+-----------------------------------------------------------------------------------------------------------+
; Flow Non-Default Global Settings                                                                          ;
+--------------------------+---------------------------------+---------------+-------------+----------------+
; Assignment Name          ; Value                           ; Default Value ; Entity Name ; Section Id     ;
+--------------------------+---------------------------------+---------------+-------------+----------------+
; COMPILER_SIGNATURE_ID    ; 233654129459514.151084822012848 ; --            ; --          ; --             ;
; EDA_OUTPUT_DATA_FORMAT   ; Verilog Hdl                     ; --            ; --          ; eda_simulation ;
; EDA_SIMULATION_TOOL      ; ModelSim-Altera (Verilog)       ; <None>        ; --          ; --             ;
; MAX_CORE_JUNCTION_TEMP   ; 85                              ; --            ; --          ; --             ;
; MIN_CORE_JUNCTION_TEMP   ; 0                               ; --            ; --          ; --             ;
; PROJECT_OUTPUT_DIRECTORY ; output_files                    ; --            ; --          ; --             ;
+--------------------------+---------------------------------+---------------+-------------+----------------+
>>>>>>> da9848d00cb7dd525e94997832a580413fbb7e72


+-------------------------------------------------------------------------------------------------------------------------------+
; Flow Elapsed Time                                                                                                             ;
+---------------------------+--------------+-------------------------+---------------------+------------------------------------+
; Module Name               ; Elapsed Time ; Average Processors Used ; Peak Virtual Memory ; Total CPU Time (on all processors) ;
+---------------------------+--------------+-------------------------+---------------------+------------------------------------+
<<<<<<< HEAD
; Analysis & Synthesis      ; 00:00:02     ; 1.0                     ; 482 MB              ; 00:00:02                           ;
; Fitter                    ; 00:00:03     ; 1.0                     ; 615 MB              ; 00:00:01                           ;
; Assembler                 ; 00:00:01     ; 1.0                     ; 435 MB              ; 00:00:01                           ;
; TimeQuest Timing Analyzer ; 00:00:02     ; 1.0                     ; 439 MB              ; 00:00:01                           ;
; Total                     ; 00:00:08     ; --                      ; --                  ; 00:00:05                           ;
=======
; Analysis & Synthesis      ; 00:00:02     ; 1.0                     ; 460 MB              ; 00:00:02                           ;
; Fitter                    ; 00:00:07     ; 1.0                     ; 613 MB              ; 00:00:01                           ;
; Assembler                 ; 00:00:02     ; 1.0                     ; 406 MB              ; 00:00:01                           ;
; TimeQuest Timing Analyzer ; 00:00:02     ; 1.0                     ; 403 MB              ; 00:00:01                           ;
; EDA Netlist Writer        ; 00:00:01     ; 1.0                     ; 362 MB              ; 00:00:00                           ;
; Total                     ; 00:00:14     ; --                      ; --                  ; 00:00:05                           ;
>>>>>>> da9848d00cb7dd525e94997832a580413fbb7e72
+---------------------------+--------------+-------------------------+---------------------+------------------------------------+


+----------------------------------------------------------------------------------------+
; Flow OS Summary                                                                        ;
+---------------------------+------------------+-----------+------------+----------------+
; Module Name               ; Machine Hostname ; OS Name   ; OS Version ; Processor type ;
+---------------------------+------------------+-----------+------------+----------------+
; Analysis & Synthesis      ; ParthavDell      ; Windows 7 ; 6.2        ; x86_64         ;
; Fitter                    ; ParthavDell      ; Windows 7 ; 6.2        ; x86_64         ;
; Assembler                 ; ParthavDell      ; Windows 7 ; 6.2        ; x86_64         ;
; TimeQuest Timing Analyzer ; ParthavDell      ; Windows 7 ; 6.2        ; x86_64         ;
; EDA Netlist Writer        ; ParthavDell      ; Windows 7 ; 6.2        ; x86_64         ;
+---------------------------+------------------+-----------+------------+----------------+


------------
; Flow Log ;
------------
quartus_map --read_settings_files=on --write_settings_files=off gcd_cal -c gcd_cal
quartus_fit --read_settings_files=off --write_settings_files=off gcd_cal -c gcd_cal
quartus_asm --read_settings_files=off --write_settings_files=off gcd_cal -c gcd_cal
quartus_sta gcd_cal -c gcd_cal
quartus_eda --read_settings_files=off --write_settings_files=off gcd_cal -c gcd_cal



